Command line:
   tb_posedge_detect_isim_beh.exe
     -simmode  gui
     -simrunnum  0
     -socket  32246

Sat Mar 25 10:55:44 2023


 Elaboration Time: 0.03125 sec

 Current Memory Usage: 5149.7 Meg

 Total Signals          : 17
 Total Nets             : 17
 Total Signal Drivers   : 9
 Total Blocks           : 3
 Total Primitive Blocks : 2
 Total Processes        : 13
 Total Traceable Variables  : 23
 Total Scalar Nets and Variables : 102
Total Line Count : 28
Total Line Count : 28

 Total Simulation Time: 0.125 sec

 Current Memory Usage: 5464.28 Meg

Sat Mar 25 10:56:15 2023

