Command line:
   multiply_isim_beh.exe
     -simmode  gui
     -simrunnum  0
     -socket  20691

Sun Mar 19 18:03:35 2023


 Elaboration Time: 0.015625 sec

 Current Memory Usage: 5150.31 Meg

 Total Signals          : 16
 Total Nets             : 37
 Total Signal Drivers   : 6
 Total Blocks           : 2
 Total Primitive Blocks : 2
 Total Processes        : 7
 Total Traceable Variables  : 19
 Total Scalar Nets and Variables : 149
Total Line Count : 15

 Total Simulation Time: 0.046875 sec

 Current Memory Usage: 5150.31 Meg

Sun Mar 19 18:03:41 2023

