Release 14.7 - ngc2edif P.20131013 (nt64)
Copyright (c) 1995-2013 Xilinx, Inc.  All rights reserved.
Reading design calc_2.ngc ...
WARNING:NetListWriters:298 - No output is written to calc_2.xncf, ignored.
Processing design ...
   Preping design's networks ...
   Preping design's macros ...
WARNING:NetListWriters:306 - Signal bus I<7 : 0> on block calc_2 is not
   reconstructed, because there are some missing bus signals.
  finished :Prep
Writing EDIF netlist file calc_2.edif ...
ngc2edif: Total memory usage is 4310412 kilobytes

Release 14.7 - ngc2edif P.20131013 (nt64)
Copyright (c) 1995-2013 Xilinx, Inc.  All rights reserved.
Reading design calc_2.ngc ...
WARNING:NetListWriters:298 - No output is written to calc_2.xncf, ignored.
Processing design ...
   Preping design's networks ...
   Preping design's macros ...
WARNING:NetListWriters:306 - Signal bus I<7 : 0> on block calc_2 is not
   reconstructed, because there are some missing bus signals.
  finished :Prep
Writing EDIF netlist file calc_2.edif ...
ngc2edif: Total memory usage is 4309836 kilobytes

