
****** PlanAhead v14.7 (64-bit)
  **** Build 321239 by xbuild on Fri Sep 27 19:29:51 MDT 2013
    ** Copyright 1986-1999, 2001-2013 Xilinx, Inc. All Rights Reserved.

INFO: [Common 17-78] Attempting to get a license: PlanAhead
INFO: [Common 17-290] Got license for PlanAhead
INFO: [Common 17-86] Your PlanAhead license expires in -1630 day(s)
INFO: [Device 21-36] Loading parts and site information from C:/Xilinx/14.7/ISE_DS/PlanAhead/data/parts/arch.xml
Parsing RTL primitives file [C:/Xilinx/14.7/ISE_DS/PlanAhead/data/parts/xilinx/rtl/prims/rtl_prims.xml]
Finished parsing RTL primitives file [C:/Xilinx/14.7/ISE_DS/PlanAhead/data/parts/xilinx/rtl/prims/rtl_prims.xml]
start_gui
source C:/Users/domip/Downloads/my_m123/CALC_1_2/calc_1_2/pa.fromNetlist.tcl
# create_project -name calc_1_2 -dir "C:/Users/domip/Downloads/my_m123/CALC_1_2/calc_1_2/planAhead_run_2" -part xc3s250etq144-4
# set_property design_mode GateLvl [get_property srcset [current_run -impl]]
# set_property edif_top_file "C:/Users/domip/Downloads/my_m123/CALC_1_2/calc_1_2/calc_2.ngc" [ get_property srcset [ current_run ] ]
# add_files -norecurse { {C:/Users/domip/Downloads/my_m123/CALC_1_2/calc_1_2} }
# set_property target_constrs_file "LOGSYS_SP3E.ucf" [current_fileset -constrset]
Adding file 'C:/Users/domip/Downloads/my_m123/CALC_1_2/calc_1_2/LOGSYS_SP3E.ucf' to fileset 'constrs_1'
# add_files [list {LOGSYS_SP3E.ucf}] -fileset [get_property constrset [current_run]]
# link_design
Design is defaulting to srcset: sources_1
Design is defaulting to constrset: constrs_1
Design is defaulting to project part: xc3s250etq144-4
Release 14.7 - ngc2edif P.20131013 (nt64)
Copyright (c) 1995-2013 Xilinx, Inc.  All rights reserved.
Reading design calc_2.ngc ...
WARNING:NetListWriters:298 - No output is written to calc_2.xncf, ignored.
Processing design ...
   Preping design's networks ...
   Preping design's macros ...
WARNING:NetListWriters:306 - Signal bus I<7 : 0> on block calc_2 is not
   reconstructed, because there are some missing bus signals.
  finished :Prep
Writing EDIF netlist file calc_2.edif ...
ngc2edif: Total memory usage is 4310412 kilobytes

Parsing EDIF File [./planAhead_run_2/calc_1_2.data/cache/calc_2_ngc_zx.edif]
Finished Parsing EDIF File [./planAhead_run_2/calc_1_2.data/cache/calc_2_ngc_zx.edif]
INFO: [Designutils 20-910] Reading macro library C:/Xilinx/14.7/ISE_DS/PlanAhead/data\./parts/xilinx/spartan3e/spartan3e/hd_int_macros.edn
Parsing EDIF File [C:/Xilinx/14.7/ISE_DS/PlanAhead/data\./parts/xilinx/spartan3e/spartan3e/hd_int_macros.edn]
Finished Parsing EDIF File [C:/Xilinx/14.7/ISE_DS/PlanAhead/data\./parts/xilinx/spartan3e/spartan3e/hd_int_macros.edn]
Loading clock regions from C:/Xilinx/14.7/ISE_DS/PlanAhead/data\parts/xilinx/spartan3e/spartan3e/xc3s250e/ClockRegion.xml
Loading clock buffers from C:/Xilinx/14.7/ISE_DS/PlanAhead/data\parts/xilinx/spartan3e/spartan3e/xc3s250e/ClockBuffers.xml
Loading package from C:/Xilinx/14.7/ISE_DS/PlanAhead/data\parts/xilinx/spartan3e/spartan3e/xc3s250e/tq144/Package.xml
Loading io standards from C:/Xilinx/14.7/ISE_DS/PlanAhead/data\./parts/xilinx/spartan3e/IOStandards.xml
INFO: [Device 21-19] Loading pkg sso from C:/Xilinx/14.7/ISE_DS/PlanAhead/data\parts/xilinx/spartan3e/spartan3e/xc3s250e/tq144/SSORules.xml
Loading list of drcs for the architecture : C:/Xilinx/14.7/ISE_DS/PlanAhead/data\./parts/xilinx/spartan3e/spartan3e/drc.xml
INFO: [Timing 38-77] Reading timing library C:/Xilinx/14.7/ISE_DS/PlanAhead/data\parts/xilinx/spartan3e/spartan3e/spartan3e-4.lib.
INFO: [Timing 38-34] Done reading timing library C:/Xilinx/14.7/ISE_DS/PlanAhead/data\parts/xilinx/spartan3e/spartan3e/spartan3e-4.lib.
Parsing UCF File [C:/Users/domip/Downloads/my_m123/CALC_1_2/calc_1_2/LOGSYS_SP3E.ucf]
CRITICAL WARNING: [Constraints 18-11] Could not find net or pin 'clk' [C:/Users/domip/Downloads/my_m123/CALC_1_2/calc_1_2/LOGSYS_SP3E.ucf:7]
CRITICAL WARNING: [Constraints 18-11] Could not find net or pin 'rst' [C:/Users/domip/Downloads/my_m123/CALC_1_2/calc_1_2/LOGSYS_SP3E.ucf:8]
Finished Parsing UCF File [C:/Users/domip/Downloads/my_m123/CALC_1_2/calc_1_2/LOGSYS_SP3E.ucf]
INFO: [Designutils 20-20] Invalid constraints found, use command 'write_ucf -constraints invalid <file>' to save all the invalid constraints to a file
INFO: [Project 1-111] Unisim Transformation Summary:
No Unisim elements were transformed.

Phase 0 | Netlist Checksum: a4b88cfc
link_design: Time (s): elapsed = 00:00:06 . Memory (MB): peak = 555.043 ; gain = 101.914
exit
ERROR: [Common 17-39] 'stop_gui' failed due to earlier errors.
INFO: [Common 17-206] Exiting PlanAhead at Sat Mar 18 20:26:17 2023...
INFO: [Common 17-83] Releasing license: PlanAhead
