Command line:
   add_tb_isim_beh.exe
     -simmode  gui
     -simrunnum  0
     -socket  20639

Sun Mar 19 17:48:31 2023


 Elaboration Time: 0.046875 sec

 Current Memory Usage: 5150.31 Meg

 Total Signals          : 16
 Total Nets             : 37
 Total Signal Drivers   : 8
 Total Blocks           : 3
 Total Primitive Blocks : 2
 Total Processes        : 10
 Total Traceable Variables  : 21
 Total Scalar Nets and Variables : 165
Total Line Count : 21
Total Line Count : 21

 Total Simulation Time: 0.34375 sec

 Current Memory Usage: 5150.31 Meg

Sun Mar 19 17:57:35 2023

